C51 COMPILER V9.51   CYFITTER_CFG                                                          07/23/2015 11:21:09 PAGE 1   


C51 COMPILER V9.51, COMPILATION OF MODULE CYFITTER_CFG
OBJECT MODULE PLACED IN .\DP8051\DP8051_Keil_951\Debug\cyfitter_cfg.obj
COMPILER INVOKED BY: C:\Program Files\Cypress\PSoC Creator\3.2\PSoC Creator\import\keil\pk51\9.51\C51\BIN\c51.exe .\Gene
                    -rated_Source\PSoC3\cyfitter_cfg.c NOIV LARGE MODDP2 OMF2 VB(1) NOIP INCDIR(.,Generated_Source\PSoC3) FF(3) DB DF(DEBUG) 
                    -WL(2) PR(.\DP8051\DP8051_Keil_951\Debug/cyfitter_cfg.lst) CD OT(2,SIZE) OJ(.\DP8051\DP8051_Keil_951\Debug\cyfitter_cfg.o
                    -bj)

line level    source

   1          /*******************************************************************************
   2          * FILENAME: cyfitter_cfg.c
   3          * 
   4          * PSoC Creator  3.2
   5          *
   6          * DESCRIPTION:
   7          * This file contains device initialization code.
   8          * Except for the user defined sections in CyClockStartupError(), this file should not be modified.
   9          * This file is automatically generated by PSoC Creator.
  10          *
  11          ********************************************************************************
  12          * Copyright (c) 2007-2015 Cypress Semiconductor.  All rights reserved.
  13          * You may use this file only in accordance with the license, terms, conditions, 
  14          * disclaimers, and limitations in the end user license agreement accompanying 
  15          * the software package with which this file was provided.
  16          ********************************************************************************/
  17          
  18          #include <string.h>
  19          #include "cytypes.h"
  20          #include "cydevice_trm.h"
  21          #include "cyfitter.h"
  22          #include "CyLib.h"
  23          #include "cyfitter_cfg.h"
  24          
  25          #define CY_NEED_CYCLOCKSTARTUPERROR 1
  26          
  27          
  28          #if defined(__C51__) || defined(__CX51__)
  29                  #define CYPACKED
  30                  #define CYPACKED_ATTR
  31                  #define CYALIGNED
  32                  
  33              #define CY_CFG_UNUSED
  34                  #define CY_CFG_MEMORY_BARRIER() do { } while (0)
  35          
  36          
  37          
  38                  #define CYMEMZERO(a,c) cymemzero((a),(c))
  39                  #define CYCONFIGCPY(d,s,c) cyconfigcpy((c),(s),(d))
  40                  #define CYCONFIGCPYCODE(d,s,c) cyconfigcpycode((c),(s),(d))
  41          #else
                      #error Unsupported toolchain
              #endif
  44          
  45          
  46          
  47          /* Clock startup error codes                                                   */
  48          #define CYCLOCKSTART_NO_ERROR    0u
  49          #define CYCLOCKSTART_XTAL_ERROR  1u
  50          #define CYCLOCKSTART_32KHZ_ERROR 2u
  51          #define CYCLOCKSTART_PLL_ERROR   3u
  52          
C51 COMPILER V9.51   CYFITTER_CFG                                                          07/23/2015 11:21:09 PAGE 2   

  53          #ifdef CY_NEED_CYCLOCKSTARTUPERROR
  54          /*******************************************************************************
  55          * Function Name: CyClockStartupError
  56          ********************************************************************************
  57          * Summary:
  58          *  If an error is encountered during clock configuration (crystal startup error,
  59          *  PLL lock error, etc.), the system will end up here.  Unless reimplemented by
  60          *  the customer, this function will stop in an infinite loop.
  61          *
  62          * Parameters:
  63          *   void
  64          *
  65          * Return:
  66          *   void
  67          *
  68          *******************************************************************************/
  69          CY_CFG_UNUSED
  70          static void CyClockStartupError(uint8 errorCode);
  71          CY_CFG_UNUSED
  72          static void CyClockStartupError(uint8 errorCode)
  73          {
  74   1          /* To remove the compiler warning if errorCode not used.                */
  75   1          errorCode = errorCode;
  76   1      
  77   1          /* `#START CyClockStartupError` */
  78   1      
  79   1          /* If we have a clock startup error (bad MHz crystal, PLL lock, etc.),  */
  80   1          /* we will end up here to allow the customer to implement something to  */
  81   1          /* deal with the clock condition.                                       */
  82   1      
  83   1          /* `#END` */
  84   1      
  85   1          /* If nothing else, stop here since the clocks have not started         */
  86   1          /* correctly.                                                           */
  87   1          while(1) {}
  88   1      }
  89          #endif
  90          
  91          #define cfg_byte_table ((const void CYFAR *)0x080000u)
  92          /* IOPINS0_0 Address: CYREG_PRT0_DM0 Size (bytes): 8 */
  93          #define BS_IOPINS0_0_VAL ((const uint8 CYFAR *)0x00080630u)
  94          
  95          /* IOPINS0_1 Address: CYREG_PRT1_DM0 Size (bytes): 8 */
  96          #define BS_IOPINS0_1_VAL ((const uint8 CYFAR *)0x00080638u)
  97          
  98          /* IOPINS0_2 Address: CYREG_PRT2_DR Size (bytes): 10 */
  99          #define BS_IOPINS0_2_VAL ((const uint8 CYFAR *)0x00080640u)
 100          
 101          /* IOPINS0_4 Address: CYREG_PRT4_DM0 Size (bytes): 8 */
 102          #define BS_IOPINS0_4_VAL ((const uint8 CYFAR *)0x0008064Cu)
 103          
 104          /* CYDEV_CLKDIST_ACFG0_CFG0 Address: CYREG_CLKDIST_ACFG0_CFG0 Size (bytes): 4 */
 105          #define BS_CYDEV_CLKDIST_ACFG0_CFG0_VAL ((const uint8 CYFAR *)0x00080654u)
 106          
 107          
 108          /*******************************************************************************
 109          * Function Name: ClockSetup
 110          ********************************************************************************
 111          *
 112          * Summary:
 113          *  Performs the initialization of all of the clocks in the device based on the
 114          *  settings in the Clock tab of the DWR.  This includes enabling the requested
C51 COMPILER V9.51   CYFITTER_CFG                                                          07/23/2015 11:21:09 PAGE 3   

 115          *  clocks and setting the necessary dividers to produce the desired frequency. 
 116          *
 117          * Parameters:
 118          *  void
 119          *
 120          * Return:
 121          *  void
 122          *
 123          *******************************************************************************/
 124          static void ClockSetup(void);
 125          static void ClockSetup(void)
 126          {
 127   1              uint32 timeout;
 128   1              uint8 pllLock;
 129   1      
 130   1      
 131   1              /* Configure Digital Clocks based on settings from Clock DWR */
 132   1              CY_SET_XTND_REG16((void CYFAR *)(CYREG_CLKDIST_DCFG0_CFG0), 0x0000u);
 133   1              CY_SET_REG8((void CYXDATA *)(CYREG_CLKDIST_DCFG0_CFG0 + 0x2u), 0x50u);
 134   1              CY_SET_XTND_REG16((void CYFAR *)(CYREG_CLKDIST_DCFG1_CFG0), 0x0019u);
 135   1              CY_SET_REG8((void CYXDATA *)(CYREG_CLKDIST_DCFG1_CFG0 + 0x2u), 0x18u);
 136   1      
 137   1              /* Configure Analog Clocks based on settings from Clock DWR */
 138   1              CYCONFIGCPY((void CYFAR *)(CYREG_CLKDIST_ACFG0_CFG0), (const void CYFAR *)(BS_CYDEV_CLKDIST_ACFG0_CFG0_VA
             -L), 4u);
 139   1      
 140   1              /* Configure ILO based on settings from Clock DWR */
 141   1              CY_SET_REG8((void CYXDATA *)(CYREG_SLOWCLK_ILO_CR0), 0x02u);
 142   1              CY_SET_REG8((void CYXDATA *)(CYREG_CLKDIST_CR), 0x08u);
 143   1      
 144   1              /* Configure IMO based on settings from Clock DWR */
 145   1              CY_SET_REG8((void CYXDATA *)(CYREG_FASTCLK_IMO_CR), 0x03u);
 146   1              CY_SET_REG8((void CYXDATA *)(CYREG_IMO_TR1), (CY_GET_XTND_REG8((void CYFAR *)CYREG_FLSHID_CUST_TABLES_IMO
             -_3MHZ)));
 147   1      
 148   1              /* Configure PLL based on settings from Clock DWR */
 149   1              CY_SET_XTND_REG16((void CYFAR *)(CYREG_FASTCLK_PLL_P), 0x0008u);
 150   1              CY_SET_XTND_REG16((void CYFAR *)(CYREG_FASTCLK_PLL_CFG0), 0x1251u);
 151   1              /* Wait up to 250us for the PLL to lock */
 152   1              pllLock = 0u;
 153   1              for (timeout = 250u / 10u; (timeout > 0u) && (pllLock != 0x03u); timeout--)
 154   1              { 
 155   2                      pllLock = 0x03u & ((uint8)((uint8)pllLock << 1) | ((CY_GET_REG8((void CYXDATA *)CYREG_FASTCLK_PLL_SR) & 
             -0x01u) >> 0));
 156   2                      CyDelayCycles(10u * 48u); /* Delay 10us based on 48MHz clock */
 157   2              }
 158   1              /* If we ran out of time the PLL didn't lock so go to the error function */
 159   1              if (timeout == 0u)
 160   1              {
 161   2                      CyClockStartupError(CYCLOCKSTART_PLL_ERROR);
 162   2              }
 163   1      
 164   1              /* Configure Bus/Master Clock based on settings from Clock DWR */
 165   1              CY_SET_XTND_REG16((void CYFAR *)(CYREG_CLKDIST_MSTR0), 0x0100u);
 166   1              CY_SET_REG8((void CYXDATA *)(CYREG_CLKDIST_MSTR0), 0x07u);
 167   1              CY_SET_REG8((void CYXDATA *)(CYREG_CLKDIST_BCFG0), 0x00u);
 168   1              CY_SET_REG8((void CYXDATA *)(CYREG_CLKDIST_BCFG2), 0x48u);
 169   1              CY_SET_REG8((void CYXDATA *)(CYREG_CLKDIST_MSTR0), 0x00u);
 170   1              CY_SET_REG8((void CYXDATA *)(CYREG_CLKDIST_LD), 0x02u);
 171   1              CY_SET_REG8((void CYXDATA *)(CYREG_CLKDIST_DLY1), 0x04u);
 172   1      
 173   1              CY_SET_REG8((void CYXDATA *)(CYREG_PM_ACT_CFG2), ((CY_GET_REG8((void CYXDATA *)CYREG_PM_ACT_CFG2) | 0x03u
C51 COMPILER V9.51   CYFITTER_CFG                                                          07/23/2015 11:21:09 PAGE 4   

             -)));
 174   1              CY_SET_REG8((void CYXDATA *)(CYREG_PM_ACT_CFG1), ((CY_GET_REG8((void CYXDATA *)CYREG_PM_ACT_CFG1) | 0x01u
             -)));
 175   1              CY_SET_REG8((void CYXDATA *)(CYREG_PM_ACT_CFG0), ((CY_GET_REG8((void CYXDATA *)CYREG_PM_ACT_CFG0) | 0x80u
             -)));
 176   1      }
 177          
 178          
 179          /* Analog API Functions */
 180          
 181          
 182          /*******************************************************************************
 183          * Function Name: AnalogSetDefault
 184          ********************************************************************************
 185          *
 186          * Summary:
 187          *  Sets up the analog portions of the chip to default values based on chip
 188          *  configuration options from the project.
 189          *
 190          * Parameters:
 191          *  void
 192          *
 193          * Return:
 194          *  void
 195          *
 196          *******************************************************************************/
 197          static void AnalogSetDefault(void);
 198          static void AnalogSetDefault(void)
 199          {
 200   1              uint8 bg_xover_inl_trim = CY_GET_XTND_REG8((void CYFAR *)(CYREG_FLSHID_MFG_CFG_BG_XOVER_INL_TRIM + 1u));
 201   1              CY_SET_REG8((void CYXDATA *)(CYREG_BG_DFT0), (bg_xover_inl_trim & 0x07u));
 202   1              CY_SET_REG8((void CYXDATA *)(CYREG_BG_DFT1), ((bg_xover_inl_trim >> 4) & 0x0Fu));
 203   1              CY_SET_REG8((void CYXDATA *)CYREG_PRT0_AG, 0x0Fu);
 204   1              CY_SET_REG8((void CYXDATA *)CYREG_PRT1_AG, 0x30u);
 205   1              CY_SET_REG8((void CYXDATA *)CYREG_PRT2_AG, 0x3Fu);
 206   1              CY_SET_REG8((void CYXDATA *)CYREG_PRT4_AG, 0x03u);
 207   1              CY_SET_REG8((void CYXDATA *)CYREG_DSM0_SW0, 0xFFu);
 208   1              CY_SET_REG8((void CYXDATA *)CYREG_BUS_SW0, 0x03u);
 209   1              CY_SET_REG8((void CYXDATA *)CYREG_PUMP_CR0, 0x44u);
 210   1      }
 211          
 212          
 213          /*******************************************************************************
 214          * Function Name: SetAnalogRoutingPumps
 215          ********************************************************************************
 216          *
 217          * Summary:
 218          * Enables or disables the analog pumps feeding analog routing switches.
 219          * Intended to be called at startup, based on the Vdda system configuration;
 220          * may be called during operation when the user informs us that the Vdda voltage
 221          * crossed the pump threshold.
 222          *
 223          * Parameters:
 224          *  enabled - 1 to enable the pumps, 0 to disable the pumps
 225          *
 226          * Return:
 227          *  void
 228          *
 229          *******************************************************************************/
 230          void SetAnalogRoutingPumps(uint8 enabled)
 231          {
 232   1              uint8 regValue = CY_GET_REG8((void CYXDATA *)CYREG_PUMP_CR0);
C51 COMPILER V9.51   CYFITTER_CFG                                                          07/23/2015 11:21:09 PAGE 5   

 233   1              if (enabled != 0u)
 234   1              {
 235   2                      regValue |= 0x22u;
 236   2              }
 237   1              else
 238   1              {
 239   2                      regValue &= (uint8)~0x22u;
 240   2              }
 241   1              CY_SET_REG8((void CYXDATA *)CYREG_PUMP_CR0, regValue);
 242   1      }
 243          
 244          #define CY_AMUX_UNUSED CYREG_BOOST_SR
 245          /* This is an implementation detail of the AMux. Code that depends on it may be
 246             incompatible with other versions of PSoC Creator. */
 247          uint8 CYXDATA * const CYCODE ADC_AMux__addrTable[2] = {
 248                  (uint8 CYXDATA *)CYREG_DSM0_SW3, 
 249                  (uint8 CYXDATA *)CY_AMUX_UNUSED, 
 250          };
 251          
 252          /* This is an implementation detail of the AMux. Code that depends on it may be
 253             incompatible with other versions of PSoC Creator. */
 254          const uint8 CYCODE ADC_AMux__maskTable[2] = {
 255                  0x40u, 
 256                  0x00u, 
 257          };
 258          
 259          /*******************************************************************************
 260          * Function Name: ADC_AMux_Set
 261          ********************************************************************************
 262          * Summary:
 263          *  This function is used to set a particular channel as active on the AMux.
 264          *
 265          * Parameters:  
 266          *   channel - The mux channel input to set as active
 267          *
 268          * Return:
 269          *   void
 270          *
 271          *******************************************************************************/
 272          void ADC_AMux_Set(uint8 channel)
 273          {
 274   1              if (channel < 2)
 275   1              {
 276   2                      *ADC_AMux__addrTable[channel] |= ADC_AMux__maskTable[channel];
 277   2              }
 278   1      }
 279          
 280          /*******************************************************************************
 281          * Function Name: ADC_AMux_Unset
 282          ********************************************************************************
 283          * Summary:
 284          *  This function is used to clear a particular channel from being active on the
 285          *  AMux.
 286          *
 287          * Parameters:  
 288          *   channel - The mux channel input to mark inactive
 289          *
 290          * Return:
 291          *   void
 292          *
 293          *******************************************************************************/
 294          void ADC_AMux_Unset(uint8 channel)
C51 COMPILER V9.51   CYFITTER_CFG                                                          07/23/2015 11:21:09 PAGE 6   

 295          {
 296   1              if (channel < 2)
 297   1              {
 298   2                      *ADC_AMux__addrTable[channel] &= (uint8)~ADC_AMux__maskTable[channel];
 299   2              }
 300   1      }
 301          
 302          
 303          
 304          /*******************************************************************************
 305          * Function Name: cyfitter_cfg
 306          ********************************************************************************
 307          * Summary:
 308          *  This function is called by the start-up code for the selected device. It
 309          *  performs all of the necessary device configuration based on the design
 310          *  settings.  This includes settings from the Design Wide Resources (DWR) such
 311          *  as Clocks and Pins as well as any component configuration that is necessary.
 312          *
 313          * Parameters:  
 314          *   void
 315          *
 316          * Return:
 317          *   void
 318          *
 319          *******************************************************************************/
 320          
 321          void cyfitter_cfg(void)
 322          {
 323   1              /* Enable/Disable Debug functionality based on settings from System DWR */
 324   1              CY_SET_XTND_REG8((void CYFAR *)CYREG_MLOGIC_DEBUG, (CY_GET_XTND_REG8((void CYFAR *)CYREG_MLOGIC_DEBUG) | 
             -0x05u));
 325   1      
 326   1              {
 327   2      
 328   2                      CYPACKED typedef struct {
 329   2                              void CYFAR *address;
 330   2                              uint16 size;
 331   2                      } CYPACKED_ATTR cfg_memset_t;
 332   2      
 333   2                      static const cfg_memset_t CYCODE cfg_memset_list [] = {
 334   2                              /* address, size */
 335   2                              {(void CYFAR *)(CYREG_TMR0_CFG0), 12u},
 336   2                              {(void CYFAR *)(CYREG_PRT3_DR), 16u},
 337   2                              {(void CYFAR *)(CYREG_PRT5_DR), 32u},
 338   2                              {(void CYFAR *)(CYREG_PRT12_DR), 16u},
 339   2                              {(void CYFAR *)(CYREG_PRT15_DR), 16u},
 340   2                              {(void CYFAR *)(CYDEV_UCFG_B0_P0_U0_BASE), 4096u},
 341   2                              {(void CYFAR *)(CYDEV_UCFG_B1_P2_U0_BASE), 2048u},
 342   2                              {(void CYFAR *)(CYDEV_UCFG_DSI0_BASE), 2560u},
 343   2                              {(void CYFAR *)(CYDEV_UCFG_DSI12_BASE), 512u},
 344   2                              {(void CYFAR *)(CYREG_BCTL0_MDCLK_EN), 32u},
 345   2                      };
 346   2      
 347   2                      uint8 CYDATA i;
 348   2      
 349   2                      /* Zero out critical memory blocks before beginning configuration */
 350   2                      for (i = 0u; i < (sizeof(cfg_memset_list)/sizeof(cfg_memset_list[0])); i++)
 351   2                      {
 352   3                              const cfg_memset_t CYCODE * CYDATA ms = &cfg_memset_list[i];
 353   3                              CYMEMZERO(ms->address, ms->size);
 354   3                      }
 355   2      
C51 COMPILER V9.51   CYFITTER_CFG                                                          07/23/2015 11:21:09 PAGE 7   

 356   2                      cfg_write_bytes(cfg_byte_table);
 357   2      
 358   2                      /* Perform normal device configuration. Order is not critical for these items. */
 359   2                      CY_SET_REG8((void CYXDATA *)(CYREG_DSM0_CR3), 0x0Au);
 360   2      
 361   2                      /* Enable digital routing */
 362   2                      CY_SET_XTND_REG8((void CYFAR *)CYREG_BCTL0_BANK_CTL, CY_GET_XTND_REG8((void CYFAR *)CYREG_BCTL0_BANK_CTL
             -) | 0x02u);
 363   2                      CY_SET_XTND_REG8((void CYFAR *)CYREG_BCTL1_BANK_CTL, CY_GET_XTND_REG8((void CYFAR *)CYREG_BCTL1_BANK_CTL
             -) | 0x02u);
 364   2      
 365   2                      /* Enable UDB array */
 366   2                      CY_SET_REG8((void CYXDATA *)CYREG_PM_ACT_CFG0, CY_GET_REG8((void CYXDATA *)CYREG_PM_ACT_CFG0) | 0x40u);
 367   2                      CY_SET_REG8((void CYXDATA *)CYREG_PM_AVAIL_CR2, CY_GET_REG8((void CYXDATA *)CYREG_PM_AVAIL_CR2) | 0x10u)
             -;
 368   2              }
 369   1      
 370   1      
 371   1              /* Perform second pass device configuration. These items must be configured in specific order after the r
             -egular configuration is done. */
 372   1              CYCONFIGCPY((void CYFAR *)(CYREG_PRT0_DM0), (const void CYFAR *)(BS_IOPINS0_0_VAL), 8u);
 373   1              CYCONFIGCPY((void CYFAR *)(CYREG_PRT1_DM0), (const void CYFAR *)(BS_IOPINS0_1_VAL), 8u);
 374   1              CYCONFIGCPY((void CYFAR *)(CYREG_PRT2_DR), (const void CYFAR *)(BS_IOPINS0_2_VAL), 10u);
 375   1              CYCONFIGCPY((void CYFAR *)(CYREG_PRT4_DM0), (const void CYFAR *)(BS_IOPINS0_4_VAL), 8u);
 376   1              CY_SET_REG8((void CYXDATA *)(CYREG_INTC_CSR_EN), 0x01u);
 377   1              /* Switch Boost to the precision bandgap reference from its internal reference */
 378   1              CY_SET_REG8((void CYXDATA *)CYREG_BOOST_CR2, (CY_GET_REG8((void CYXDATA *)CYREG_BOOST_CR2) | 0x08u));
 379   1              if (CYDEV_CHIP_REV_ACTUAL < 5u)
 380   1              {
 381   2                      CY_SET_REG8((void CYXDATA *)CYREG_PWRSYS_WAKE_TR2, 0x3Au);
 382   2              }
 383   1      
 384   1      
 385   1              /* Set Flash Cycles based on max possible frequency in case a glitch occurs during ClockSetup(). */
 386   1              CY_SET_REG8((void CYXDATA *)(CYREG_CACHE_CR), (((CYDEV_INSTRUCT_CACHE_ENABLED) != 0) ? 0xF1u : 0xC0u));
 387   1              /* Setup clocks based on selections from Clock DWR */
 388   1              ClockSetup();
 389   1              /* Set Flash Cycles based on newly configured 24.00MHz Bus Clock. */
 390   1              CY_SET_REG8((void CYXDATA *)(CYREG_CACHE_CR), (((CYDEV_INSTRUCT_CACHE_ENABLED) != 0) ? 0xB1u : 0x80u));
 391   1      
 392   1              /* Perform basic analog initialization to defaults */
 393   1              AnalogSetDefault();
 394   1      
 395   1              /* Configure alternate active mode */
 396   1              CYCONFIGCPY((void CYFAR *)CYDEV_PM_STBY_BASE, (const void CYFAR *)CYDEV_PM_ACT_BASE, 14u);
 397   1              CY_SET_REG8((void CYXDATA *)CYREG_PM_STBY_CFG0, CY_GET_REG8((void CYXDATA *)CYREG_PM_STBY_CFG0) & (uint8)
             -~0x02u);        /* Disable CPU */
 398   1      }
C51 COMPILER V9.51   CYFITTER_CFG                                                          07/23/2015 11:21:09 PAGE 8   

ASSEMBLY LISTING OF GENERATED OBJECT CODE


             ; FUNCTION _CyClockStartupError (BEGIN)
                                           ; SOURCE LINE # 72
0000 900000      R     MOV     DPTR,#errorCode
0003 EF                MOV     A,R7
0004 F0                MOVX    @DPTR,A
                                           ; SOURCE LINE # 73
                                           ; SOURCE LINE # 75
0005 900000      R     MOV     DPTR,#errorCode
0008 E0                MOVX    A,@DPTR
0009 FF                MOV     R7,A
000A 900000      R     MOV     DPTR,#errorCode
000D EF                MOV     A,R7
000E F0                MOVX    @DPTR,A
000F         ?C0001:
                                           ; SOURCE LINE # 87
000F 80FE              SJMP    ?C0001
0011 22                RET     
             ; FUNCTION _CyClockStartupError (END)

             ; FUNCTION ClockSetup (BEGIN)
                                           ; SOURCE LINE # 125
                                           ; SOURCE LINE # 126
                                           ; SOURCE LINE # 132
0000 7B00              MOV     R3,#00H
0002 7A40              MOV     R2,#040H
0004 7980              MOV     R1,#080H
0006 7D00              MOV     R5,#00H
0008 7C00              MOV     R4,#00H
000A 120000      E     LCALL   _cywrite16
                                           ; SOURCE LINE # 133
000D 904082            MOV     DPTR,#04082H
0010 7450              MOV     A,#050H
0012 F0                MOVX    @DPTR,A
                                           ; SOURCE LINE # 134
0013 7B00              MOV     R3,#00H
0015 7A40              MOV     R2,#040H
0017 7984              MOV     R1,#084H
0019 7D19              MOV     R5,#019H
001B 7C00              MOV     R4,#00H
001D 120000      E     LCALL   _cywrite16
                                           ; SOURCE LINE # 135
0020 904086            MOV     DPTR,#04086H
0023 7418              MOV     A,#018H
0025 F0                MOVX    @DPTR,A
                                           ; SOURCE LINE # 138
0026 7B08              MOV     R3,#08H
0028 7A06              MOV     R2,#06H
002A 7954              MOV     R1,#054H
002C C003              PUSH    AR3
002E C002              PUSH    AR2
0030 C001              PUSH    AR1
0032 7B00              MOV     R3,#00H
0034 7A41              MOV     R2,#041H
0036 7900              MOV     R1,#00H
0038 900000      E     MOV     DPTR,#?_cyconfigcpy?BYTE+05H
003B 120000      E     LCALL   ?C?PSTXDATA
003E D001              POP     AR1
0040 D002              POP     AR2
0042 D003              POP     AR3
C51 COMPILER V9.51   CYFITTER_CFG                                                          07/23/2015 11:21:09 PAGE 9   

0044 7F04              MOV     R7,#04H
0046 7E00              MOV     R6,#00H
0048 120000      E     LCALL   _cyconfigcpy
                                           ; SOURCE LINE # 141
004B 904300            MOV     DPTR,#04300H
004E 7402              MOV     A,#02H
0050 F0                MOVX    @DPTR,A
                                           ; SOURCE LINE # 142
0051 904000            MOV     DPTR,#04000H
0054 7408              MOV     A,#08H
0056 F0                MOVX    @DPTR,A
                                           ; SOURCE LINE # 145
0057 904200            MOV     DPTR,#04200H
005A 7403              MOV     A,#03H
005C F0                MOVX    @DPTR,A
                                           ; SOURCE LINE # 146
005D 7B0C              MOV     R3,#0CH
005F 7A01              MOV     R2,#01H
0061 7908              MOV     R1,#08H
0063 120000      E     LCALL   _cyread8
0066 9046A1            MOV     DPTR,#046A1H
0069 EF                MOV     A,R7
006A F0                MOVX    @DPTR,A
                                           ; SOURCE LINE # 149
006B 7B00              MOV     R3,#00H
006D 7A42              MOV     R2,#042H
006F 7922              MOV     R1,#022H
0071 7D08              MOV     R5,#08H
0073 7C00              MOV     R4,#00H
0075 120000      E     LCALL   _cywrite16
                                           ; SOURCE LINE # 150
0078 7B00              MOV     R3,#00H
007A 7A42              MOV     R2,#042H
007C 7920              MOV     R1,#020H
007E 7D51              MOV     R5,#051H
0080 7C12              MOV     R4,#012H
0082 120000      E     LCALL   _cywrite16
                                           ; SOURCE LINE # 152
0085 900000      R     MOV     DPTR,#pllLock
0088 E4                CLR     A
0089 F0                MOVX    @DPTR,A
                                           ; SOURCE LINE # 153
008A 7F19              MOV     R7,#019H
008C 7E00              MOV     R6,#00H
008E 7D00              MOV     R5,#00H
0090 7C00              MOV     R4,#00H
0092 900000      R     MOV     DPTR,#timeout
0095 120000      E     LCALL   ?C?LSTXDATA
0098         ?C0004:
0098 900000      R     MOV     DPTR,#timeout
009B 120000      E     LCALL   ?C?LLDXDATA
009E D3                SETB    C
009F EF                MOV     A,R7
00A0 9400              SUBB    A,#00H
00A2 EE                MOV     A,R6
00A3 9400              SUBB    A,#00H
00A5 404E              JC      ?C0005
00A7 900000      R     MOV     DPTR,#pllLock
00AA E0                MOVX    A,@DPTR
00AB FF                MOV     R7,A
00AC EF                MOV     A,R7
00AD 6403              XRL     A,#03H
C51 COMPILER V9.51   CYFITTER_CFG                                                          07/23/2015 11:21:09 PAGE 10  

00AF 6044              JZ      ?C0005
                                           ; SOURCE LINE # 154
                                           ; SOURCE LINE # 155
00B1 904225            MOV     DPTR,#04225H
00B4 E0                MOVX    A,@DPTR
00B5 FF                MOV     R7,A
00B6 EF                MOV     A,R7
00B7 5401              ANL     A,#01H
00B9 FF                MOV     R7,A
00BA 7E00              MOV     R6,#00H
00BC 900000      R     MOV     DPTR,#pllLock
00BF E0                MOVX    A,@DPTR
00C0 FE                MOV     R6,A
00C1 EE                MOV     A,R6
00C2 25E0              ADD     A,ACC
00C4 FE                MOV     R6,A
00C5 EE                MOV     A,R6
00C6 4F                ORL     A,R7
00C7 FF                MOV     R7,A
00C8 EF                MOV     A,R7
00C9 5403              ANL     A,#03H
00CB FF                MOV     R7,A
00CC 900000      R     MOV     DPTR,#pllLock
00CF EF                MOV     A,R7
00D0 F0                MOVX    @DPTR,A
                                           ; SOURCE LINE # 156
00D1 7FE0              MOV     R7,#0E0H
00D3 7E01              MOV     R6,#01H
00D5 7D00              MOV     R5,#00H
00D7 7C00              MOV     R4,#00H
00D9 120000      E     LCALL   _CyDelayCycles
                                           ; SOURCE LINE # 157
00DC 900000      R     MOV     DPTR,#timeout
00DF 120000      E     LCALL   ?C?LLDXDATA
00E2 7BFF              MOV     R3,#0FFH
00E4 7AFF              MOV     R2,#0FFH
00E6 79FF              MOV     R1,#0FFH
00E8 78FF              MOV     R0,#0FFH
00EA 120000      E     LCALL   ?C?LADD
00ED 900000      R     MOV     DPTR,#timeout
00F0 120000      E     LCALL   ?C?LSTXDATA
00F3 80A3              SJMP    ?C0004
00F5         ?C0005:
                                           ; SOURCE LINE # 159
00F5 900000      R     MOV     DPTR,#timeout
00F8 120000      E     LCALL   ?C?LLDXDATA
00FB EF                MOV     A,R7
00FC 4E                ORL     A,R6
00FD 7005              JNZ     ?C0007
                                           ; SOURCE LINE # 160
                                           ; SOURCE LINE # 161
00FF 7F03              MOV     R7,#03H
0101 120000      R     LCALL   _CyClockStartupError
                                           ; SOURCE LINE # 162
0104         ?C0007:
                                           ; SOURCE LINE # 165
0104 7B00              MOV     R3,#00H
0106 7A40              MOV     R2,#040H
0108 7904              MOV     R1,#04H
010A 7D00              MOV     R5,#00H
010C 7C01              MOV     R4,#01H
010E 120000      E     LCALL   _cywrite16
C51 COMPILER V9.51   CYFITTER_CFG                                                          07/23/2015 11:21:09 PAGE 11  

                                           ; SOURCE LINE # 166
0111 904004            MOV     DPTR,#04004H
0114 7407              MOV     A,#07H
0116 F0                MOVX    @DPTR,A
                                           ; SOURCE LINE # 167
0117 904006            MOV     DPTR,#04006H
011A E4                CLR     A
011B F0                MOVX    @DPTR,A
                                           ; SOURCE LINE # 168
011C 904008            MOV     DPTR,#04008H
011F 7448              MOV     A,#048H
0121 F0                MOVX    @DPTR,A
                                           ; SOURCE LINE # 169
0122 904004            MOV     DPTR,#04004H
0125 E4                CLR     A
0126 F0                MOVX    @DPTR,A
                                           ; SOURCE LINE # 170
0127 904001            MOV     DPTR,#04001H
012A 7402              MOV     A,#02H
012C F0                MOVX    @DPTR,A
                                           ; SOURCE LINE # 171
012D 90400B            MOV     DPTR,#0400BH
0130 7404              MOV     A,#04H
0132 F0                MOVX    @DPTR,A
                                           ; SOURCE LINE # 173
0133 9043A2            MOV     DPTR,#043A2H
0136 E0                MOVX    A,@DPTR
0137 FF                MOV     R7,A
0138 EF                MOV     A,R7
0139 4403              ORL     A,#03H
013B FF                MOV     R7,A
013C 9043A2            MOV     DPTR,#043A2H
013F EF                MOV     A,R7
0140 F0                MOVX    @DPTR,A
                                           ; SOURCE LINE # 174
0141 9043A1            MOV     DPTR,#043A1H
0144 E0                MOVX    A,@DPTR
0145 FF                MOV     R7,A
0146 EF                MOV     A,R7
0147 4401              ORL     A,#01H
0149 FF                MOV     R7,A
014A 9043A1            MOV     DPTR,#043A1H
014D EF                MOV     A,R7
014E F0                MOVX    @DPTR,A
                                           ; SOURCE LINE # 175
014F 9043A0            MOV     DPTR,#043A0H
0152 E0                MOVX    A,@DPTR
0153 FF                MOV     R7,A
0154 EF                MOV     A,R7
0155 4480              ORL     A,#080H
0157 FF                MOV     R7,A
0158 9043A0            MOV     DPTR,#043A0H
015B EF                MOV     A,R7
015C F0                MOVX    @DPTR,A
                                           ; SOURCE LINE # 176
015D 22                RET     
             ; FUNCTION ClockSetup (END)

             ; FUNCTION AnalogSetDefault (BEGIN)
                                           ; SOURCE LINE # 198
                                           ; SOURCE LINE # 199
                                           ; SOURCE LINE # 200
C51 COMPILER V9.51   CYFITTER_CFG                                                          07/23/2015 11:21:09 PAGE 12  

0000 7B0C              MOV     R3,#0CH
0002 7A01              MOV     R2,#01H
0004 79CF              MOV     R1,#0CFH
0006 120000      E     LCALL   _cyread8
0009 900000      R     MOV     DPTR,#bg_xover_inl_trim
000C EF                MOV     A,R7
000D F0                MOVX    @DPTR,A
                                           ; SOURCE LINE # 201
000E 900000      R     MOV     DPTR,#bg_xover_inl_trim
0011 E0                MOVX    A,@DPTR
0012 FF                MOV     R7,A
0013 EF                MOV     A,R7
0014 5407              ANL     A,#07H
0016 FF                MOV     R7,A
0017 90586E            MOV     DPTR,#0586EH
001A EF                MOV     A,R7
001B F0                MOVX    @DPTR,A
                                           ; SOURCE LINE # 202
001C 900000      R     MOV     DPTR,#bg_xover_inl_trim
001F E0                MOVX    A,@DPTR
0020 FF                MOV     R7,A
0021 EF                MOV     A,R7
0022 C4                SWAP    A
0023 540F              ANL     A,#0FH
0025 FF                MOV     R7,A
0026 EF                MOV     A,R7
0027 540F              ANL     A,#0FH
0029 FF                MOV     R7,A
002A 90586F            MOV     DPTR,#0586FH
002D EF                MOV     A,R7
002E F0                MOVX    @DPTR,A
                                           ; SOURCE LINE # 203
002F 90510D            MOV     DPTR,#0510DH
0032 740F              MOV     A,#0FH
0034 F0                MOVX    @DPTR,A
                                           ; SOURCE LINE # 204
0035 90511D            MOV     DPTR,#0511DH
0038 7430              MOV     A,#030H
003A F0                MOVX    @DPTR,A
                                           ; SOURCE LINE # 205
003B 90512D            MOV     DPTR,#0512DH
003E 743F              MOV     A,#03FH
0040 F0                MOVX    @DPTR,A
                                           ; SOURCE LINE # 206
0041 90514D            MOV     DPTR,#0514DH
0044 7403              MOV     A,#03H
0046 F0                MOVX    @DPTR,A
                                           ; SOURCE LINE # 207
0047 905B00            MOV     DPTR,#05B00H
004A 74FF              MOV     A,#0FFH
004C F0                MOVX    @DPTR,A
                                           ; SOURCE LINE # 208
004D 905B58            MOV     DPTR,#05B58H
0050 7403              MOV     A,#03H
0052 F0                MOVX    @DPTR,A
                                           ; SOURCE LINE # 209
0053 905876            MOV     DPTR,#05876H
0056 7444              MOV     A,#044H
0058 F0                MOVX    @DPTR,A
                                           ; SOURCE LINE # 210
0059 22                RET     
             ; FUNCTION AnalogSetDefault (END)
C51 COMPILER V9.51   CYFITTER_CFG                                                          07/23/2015 11:21:09 PAGE 13  


             ; FUNCTION _SetAnalogRoutingPumps (BEGIN)
                                           ; SOURCE LINE # 230
0000 900000      R     MOV     DPTR,#enabled
0003 EF                MOV     A,R7
0004 F0                MOVX    @DPTR,A
                                           ; SOURCE LINE # 231
                                           ; SOURCE LINE # 232
0005 905876            MOV     DPTR,#05876H
0008 E0                MOVX    A,@DPTR
0009 FF                MOV     R7,A
000A 900000      R     MOV     DPTR,#regValue
000D EF                MOV     A,R7
000E F0                MOVX    @DPTR,A
                                           ; SOURCE LINE # 233
000F 900000      R     MOV     DPTR,#enabled
0012 E0                MOVX    A,@DPTR
0013 FF                MOV     R7,A
0014 EF                MOV     A,R7
0015 6010              JZ      ?C0010
                                           ; SOURCE LINE # 234
                                           ; SOURCE LINE # 235
0017 900000      R     MOV     DPTR,#regValue
001A E0                MOVX    A,@DPTR
001B FF                MOV     R7,A
001C EF                MOV     A,R7
001D 4422              ORL     A,#022H
001F FF                MOV     R7,A
0020 900000      R     MOV     DPTR,#regValue
0023 EF                MOV     A,R7
0024 F0                MOVX    @DPTR,A
                                           ; SOURCE LINE # 236
0025 800E              SJMP    ?C0011
0027         ?C0010:
                                           ; SOURCE LINE # 238
                                           ; SOURCE LINE # 239
0027 900000      R     MOV     DPTR,#regValue
002A E0                MOVX    A,@DPTR
002B FF                MOV     R7,A
002C EF                MOV     A,R7
002D 54DD              ANL     A,#0DDH
002F FF                MOV     R7,A
0030 900000      R     MOV     DPTR,#regValue
0033 EF                MOV     A,R7
0034 F0                MOVX    @DPTR,A
                                           ; SOURCE LINE # 240
0035         ?C0011:
                                           ; SOURCE LINE # 241
0035 900000      R     MOV     DPTR,#regValue
0038 E0                MOVX    A,@DPTR
0039 FF                MOV     R7,A
003A 905876            MOV     DPTR,#05876H
003D EF                MOV     A,R7
003E F0                MOVX    @DPTR,A
                                           ; SOURCE LINE # 242
003F 22                RET     
             ; FUNCTION _SetAnalogRoutingPumps (END)

             ; FUNCTION _ADC_AMux_Set (BEGIN)
                                           ; SOURCE LINE # 272
0000 900000      R     MOV     DPTR,#channel
0003 EF                MOV     A,R7
C51 COMPILER V9.51   CYFITTER_CFG                                                          07/23/2015 11:21:09 PAGE 14  

0004 F0                MOVX    @DPTR,A
                                           ; SOURCE LINE # 273
                                           ; SOURCE LINE # 274
0005 900000      R     MOV     DPTR,#channel
0008 E0                MOVX    A,@DPTR
0009 FF                MOV     R7,A
000A EF                MOV     A,R7
000B C3                CLR     C
000C 9402              SUBB    A,#02H
000E 5036              JNC     ?C0014
                                           ; SOURCE LINE # 275
                                           ; SOURCE LINE # 276
0010 900000      R     MOV     DPTR,#channel
0013 E0                MOVX    A,@DPTR
0014 FF                MOV     R7,A
0015 EF                MOV     A,R7
0016 25E0              ADD     A,ACC
0018 2400        R     ADD     A,#LOW ADC_AMux__addrTable
001A F582              MOV     DPL,A
001C E4                CLR     A
001D 3400        R     ADDC    A,#HIGH ADC_AMux__addrTable
001F F583              MOV     DPH,A
0021 E4                CLR     A
0022 93                MOVC    A,@A+DPTR
0023 FE                MOV     R6,A
0024 7401              MOV     A,#01H
0026 93                MOVC    A,@A+DPTR
0027 FF                MOV     R7,A
0028 8F82              MOV     DPL,R7
002A 8E83              MOV     DPH,R6
002C C083              PUSH    DPH
002E C082              PUSH    DPL
0030 E0                MOVX    A,@DPTR
0031 FF                MOV     R7,A
0032 900000      R     MOV     DPTR,#channel
0035 E0                MOVX    A,@DPTR
0036 FE                MOV     R6,A
0037 EE                MOV     A,R6
0038 900000      R     MOV     DPTR,#ADC_AMux__maskTable
003B 93                MOVC    A,@A+DPTR
003C FE                MOV     R6,A
003D EF                MOV     A,R7
003E 4E                ORL     A,R6
003F FF                MOV     R7,A
0040 D082              POP     DPL
0042 D083              POP     DPH
0044 EF                MOV     A,R7
0045 F0                MOVX    @DPTR,A
                                           ; SOURCE LINE # 277
                                           ; SOURCE LINE # 278
0046         ?C0014:
0046 22                RET     
             ; FUNCTION _ADC_AMux_Set (END)

             ; FUNCTION _ADC_AMux_Unset (BEGIN)
                                           ; SOURCE LINE # 294
0000 900000      R     MOV     DPTR,#channel
0003 EF                MOV     A,R7
0004 F0                MOVX    @DPTR,A
                                           ; SOURCE LINE # 295
                                           ; SOURCE LINE # 296
0005 900000      R     MOV     DPTR,#channel
C51 COMPILER V9.51   CYFITTER_CFG                                                          07/23/2015 11:21:09 PAGE 15  

0008 E0                MOVX    A,@DPTR
0009 FF                MOV     R7,A
000A EF                MOV     A,R7
000B C3                CLR     C
000C 9402              SUBB    A,#02H
000E 5039              JNC     ?C0016
                                           ; SOURCE LINE # 297
                                           ; SOURCE LINE # 298
0010 900000      R     MOV     DPTR,#channel
0013 E0                MOVX    A,@DPTR
0014 FF                MOV     R7,A
0015 EF                MOV     A,R7
0016 25E0              ADD     A,ACC
0018 2400        R     ADD     A,#LOW ADC_AMux__addrTable
001A F582              MOV     DPL,A
001C E4                CLR     A
001D 3400        R     ADDC    A,#HIGH ADC_AMux__addrTable
001F F583              MOV     DPH,A
0021 E4                CLR     A
0022 93                MOVC    A,@A+DPTR
0023 FE                MOV     R6,A
0024 7401              MOV     A,#01H
0026 93                MOVC    A,@A+DPTR
0027 FF                MOV     R7,A
0028 8F82              MOV     DPL,R7
002A 8E83              MOV     DPH,R6
002C C083              PUSH    DPH
002E C082              PUSH    DPL
0030 E0                MOVX    A,@DPTR
0031 FF                MOV     R7,A
0032 900000      R     MOV     DPTR,#channel
0035 E0                MOVX    A,@DPTR
0036 FE                MOV     R6,A
0037 EE                MOV     A,R6
0038 900000      R     MOV     DPTR,#ADC_AMux__maskTable
003B 93                MOVC    A,@A+DPTR
003C FE                MOV     R6,A
003D EE                MOV     A,R6
003E F4                CPL     A
003F FE                MOV     R6,A
0040 EF                MOV     A,R7
0041 5E                ANL     A,R6
0042 FF                MOV     R7,A
0043 D082              POP     DPL
0045 D083              POP     DPH
0047 EF                MOV     A,R7
0048 F0                MOVX    @DPTR,A
                                           ; SOURCE LINE # 299
                                           ; SOURCE LINE # 300
0049         ?C0016:
0049 22                RET     
             ; FUNCTION _ADC_AMux_Unset (END)

             ; FUNCTION cyfitter_cfg (BEGIN)
                                           ; SOURCE LINE # 321
                                           ; SOURCE LINE # 322
                                           ; SOURCE LINE # 324
0000 7B00              MOV     R3,#00H
0002 7A46              MOV     R2,#046H
0004 79E8              MOV     R1,#0E8H
0006 120000      E     LCALL   _cyread8
0009 EF                MOV     A,R7
C51 COMPILER V9.51   CYFITTER_CFG                                                          07/23/2015 11:21:09 PAGE 16  

000A 4405              ORL     A,#05H
000C FD                MOV     R5,A
000D 7B00              MOV     R3,#00H
000F 7A46              MOV     R2,#046H
0011 79E8              MOV     R1,#0E8H
0013 120000      E     LCALL   _cywrite8
                                           ; SOURCE LINE # 326
                                           ; SOURCE LINE # 350
0016 750000      R     MOV     i,#00H
0019         ?C0017:
0019 E500        R     MOV     A,i
001B C3                CLR     C
001C 940A              SUBB    A,#0AH
001E 503A              JNC     ?C0018
                                           ; SOURCE LINE # 351
                                           ; SOURCE LINE # 352
0020 AF00        R     MOV     R7,i
0022 EF                MOV     A,R7
0023 75F005            MOV     B,#05H
0026 A4                MUL     AB
0027 2400        R     ADD     A,#LOW cfg_memset_list
0029 F582              MOV     DPL,A
002B E4                CLR     A
002C 3400        R     ADDC    A,#HIGH cfg_memset_list
002E F583              MOV     DPH,A
0030 AF82              MOV     R7,DPL
0032 AE83              MOV     R6,DPH
0034 8E00        R     MOV     ms,R6
0036 8F00        R     MOV     ms+01H,R7
                                           ; SOURCE LINE # 353
0038 AE00        R     MOV     R6,ms
003A AF00        R     MOV     R7,ms+01H
003C 8F82              MOV     DPL,R7
003E 8E83              MOV     DPH,R6
0040 120000      E     LCALL   ?C?PLDCODE
0043 AE00        R     MOV     R6,ms
0045 AF00        R     MOV     R7,ms+01H
0047 8F82              MOV     DPL,R7
0049 8E83              MOV     DPH,R6
004B 7403              MOV     A,#03H
004D 93                MOVC    A,@A+DPTR
004E FC                MOV     R4,A
004F 7404              MOV     A,#04H
0051 93                MOVC    A,@A+DPTR
0052 FD                MOV     R5,A
0053 120000      E     LCALL   _cymemzero
                                           ; SOURCE LINE # 354
0056 0500        R     INC     i
0058 80BF              SJMP    ?C0017
005A         ?C0018:
                                           ; SOURCE LINE # 356
005A 7B08              MOV     R3,#08H
005C 7A00              MOV     R2,#00H
005E 7900              MOV     R1,#00H
0060 120000      E     LCALL   _cfg_write_bytes
                                           ; SOURCE LINE # 359
0063 905883            MOV     DPTR,#05883H
0066 740A              MOV     A,#0AH
0068 F0                MOVX    @DPTR,A
                                           ; SOURCE LINE # 362
0069 7B01              MOV     R3,#01H
006B 7A50              MOV     R2,#050H
C51 COMPILER V9.51   CYFITTER_CFG                                                          07/23/2015 11:21:09 PAGE 17  

006D 7903              MOV     R1,#03H
006F 120000      E     LCALL   _cyread8
0072 EF                MOV     A,R7
0073 4402              ORL     A,#02H
0075 FD                MOV     R5,A
0076 7B01              MOV     R3,#01H
0078 7A50              MOV     R2,#050H
007A 7903              MOV     R1,#03H
007C 120000      E     LCALL   _cywrite8
                                           ; SOURCE LINE # 363
007F 7B01              MOV     R3,#01H
0081 7A50              MOV     R2,#050H
0083 7913              MOV     R1,#013H
0085 120000      E     LCALL   _cyread8
0088 EF                MOV     A,R7
0089 4402              ORL     A,#02H
008B FD                MOV     R5,A
008C 7B01              MOV     R3,#01H
008E 7A50              MOV     R2,#050H
0090 7913              MOV     R1,#013H
0092 120000      E     LCALL   _cywrite8
                                           ; SOURCE LINE # 366
0095 9043A0            MOV     DPTR,#043A0H
0098 E0                MOVX    A,@DPTR
0099 FF                MOV     R7,A
009A EF                MOV     A,R7
009B 4440              ORL     A,#040H
009D FF                MOV     R7,A
009E 9043A0            MOV     DPTR,#043A0H
00A1 EF                MOV     A,R7
00A2 F0                MOVX    @DPTR,A
                                           ; SOURCE LINE # 367
00A3 9043C2            MOV     DPTR,#043C2H
00A6 E0                MOVX    A,@DPTR
00A7 FF                MOV     R7,A
00A8 EF                MOV     A,R7
00A9 4410              ORL     A,#010H
00AB FF                MOV     R7,A
00AC 9043C2            MOV     DPTR,#043C2H
00AF EF                MOV     A,R7
00B0 F0                MOVX    @DPTR,A
                                           ; SOURCE LINE # 368
                                           ; SOURCE LINE # 372
00B1 7B08              MOV     R3,#08H
00B3 7A06              MOV     R2,#06H
00B5 7930              MOV     R1,#030H
00B7 C003              PUSH    AR3
00B9 C002              PUSH    AR2
00BB C001              PUSH    AR1
00BD 7B00              MOV     R3,#00H
00BF 7A51              MOV     R2,#051H
00C1 7902              MOV     R1,#02H
00C3 900000      E     MOV     DPTR,#?_cyconfigcpy?BYTE+05H
00C6 120000      E     LCALL   ?C?PSTXDATA
00C9 D001              POP     AR1
00CB D002              POP     AR2
00CD D003              POP     AR3
00CF 7F08              MOV     R7,#08H
00D1 7E00              MOV     R6,#00H
00D3 120000      E     LCALL   _cyconfigcpy
                                           ; SOURCE LINE # 373
00D6 7B08              MOV     R3,#08H
C51 COMPILER V9.51   CYFITTER_CFG                                                          07/23/2015 11:21:09 PAGE 18  

00D8 7A06              MOV     R2,#06H
00DA 7938              MOV     R1,#038H
00DC C003              PUSH    AR3
00DE C002              PUSH    AR2
00E0 C001              PUSH    AR1
00E2 7B00              MOV     R3,#00H
00E4 7A51              MOV     R2,#051H
00E6 7912              MOV     R1,#012H
00E8 900000      E     MOV     DPTR,#?_cyconfigcpy?BYTE+05H
00EB 120000      E     LCALL   ?C?PSTXDATA
00EE D001              POP     AR1
00F0 D002              POP     AR2
00F2 D003              POP     AR3
00F4 7F08              MOV     R7,#08H
00F6 7E00              MOV     R6,#00H
00F8 120000      E     LCALL   _cyconfigcpy
                                           ; SOURCE LINE # 374
00FB 7B08              MOV     R3,#08H
00FD 7A06              MOV     R2,#06H
00FF 7940              MOV     R1,#040H
0101 C003              PUSH    AR3
0103 C002              PUSH    AR2
0105 C001              PUSH    AR1
0107 7B00              MOV     R3,#00H
0109 7A51              MOV     R2,#051H
010B 7920              MOV     R1,#020H
010D 900000      E     MOV     DPTR,#?_cyconfigcpy?BYTE+05H
0110 120000      E     LCALL   ?C?PSTXDATA
0113 D001              POP     AR1
0115 D002              POP     AR2
0117 D003              POP     AR3
0119 7F0A              MOV     R7,#0AH
011B 7E00              MOV     R6,#00H
011D 120000      E     LCALL   _cyconfigcpy
                                           ; SOURCE LINE # 375
0120 7B08              MOV     R3,#08H
0122 7A06              MOV     R2,#06H
0124 794C              MOV     R1,#04CH
0126 C003              PUSH    AR3
0128 C002              PUSH    AR2
012A C001              PUSH    AR1
012C 7B00              MOV     R3,#00H
012E 7A51              MOV     R2,#051H
0130 7942              MOV     R1,#042H
0132 900000      E     MOV     DPTR,#?_cyconfigcpy?BYTE+05H
0135 120000      E     LCALL   ?C?PSTXDATA
0138 D001              POP     AR1
013A D002              POP     AR2
013C D003              POP     AR3
013E 7F08              MOV     R7,#08H
0140 7E00              MOV     R6,#00H
0142 120000      E     LCALL   _cyconfigcpy
                                           ; SOURCE LINE # 376
0145 9044F4            MOV     DPTR,#044F4H
0148 7401              MOV     A,#01H
014A F0                MOVX    @DPTR,A
                                           ; SOURCE LINE # 378
014B 904322            MOV     DPTR,#04322H
014E E0                MOVX    A,@DPTR
014F FF                MOV     R7,A
0150 EF                MOV     A,R7
0151 4408              ORL     A,#08H
C51 COMPILER V9.51   CYFITTER_CFG                                                          07/23/2015 11:21:09 PAGE 19  

0153 FF                MOV     R7,A
0154 904322            MOV     DPTR,#04322H
0157 EF                MOV     A,R7
0158 F0                MOVX    @DPTR,A
                                           ; SOURCE LINE # 379
0159 9046EC            MOV     DPTR,#046ECH
015C E0                MOVX    A,@DPTR
015D FF                MOV     R7,A
015E EF                MOV     A,R7
015F C3                CLR     C
0160 9405              SUBB    A,#05H
0162 5006              JNC     ?C0020
                                           ; SOURCE LINE # 380
                                           ; SOURCE LINE # 381
0164 904689            MOV     DPTR,#04689H
0167 743A              MOV     A,#03AH
0169 F0                MOVX    @DPTR,A
                                           ; SOURCE LINE # 382
016A         ?C0020:
                                           ; SOURCE LINE # 386
016A 904800            MOV     DPTR,#04800H
016D 74F1              MOV     A,#0F1H
016F F0                MOVX    @DPTR,A
                                           ; SOURCE LINE # 388
0170 120000      R     LCALL   ClockSetup
                                           ; SOURCE LINE # 390
0173 904800            MOV     DPTR,#04800H
0176 74B1              MOV     A,#0B1H
0178 F0                MOVX    @DPTR,A
                                           ; SOURCE LINE # 393
0179 120000      R     LCALL   AnalogSetDefault
                                           ; SOURCE LINE # 396
017C 7B00              MOV     R3,#00H
017E 7A43              MOV     R2,#043H
0180 79A0              MOV     R1,#0A0H
0182 C003              PUSH    AR3
0184 C002              PUSH    AR2
0186 C001              PUSH    AR1
0188 7B00              MOV     R3,#00H
018A 7A43              MOV     R2,#043H
018C 79B0              MOV     R1,#0B0H
018E 900000      E     MOV     DPTR,#?_cyconfigcpy?BYTE+05H
0191 120000      E     LCALL   ?C?PSTXDATA
0194 D001              POP     AR1
0196 D002              POP     AR2
0198 D003              POP     AR3
019A 7F0E              MOV     R7,#0EH
019C 7E00              MOV     R6,#00H
019E 120000      E     LCALL   _cyconfigcpy
                                           ; SOURCE LINE # 397
01A1 9043B0            MOV     DPTR,#043B0H
01A4 E0                MOVX    A,@DPTR
01A5 FF                MOV     R7,A
01A6 EF                MOV     A,R7
01A7 54FD              ANL     A,#0FDH
01A9 FF                MOV     R7,A
01AA EF                MOV     A,R7
01AB F0                MOVX    @DPTR,A
                                           ; SOURCE LINE # 398
01AC 22                RET     
             ; FUNCTION cyfitter_cfg (END)

C51 COMPILER V9.51   CYFITTER_CFG                                                          07/23/2015 11:21:09 PAGE 20  



MODULE INFORMATION:   STATIC OVERLAYABLE
   CODE SIZE        =   1096    ----
   CONSTANT SIZE    =     56    ----
   XDATA SIZE       =   ----      11
   PDATA SIZE       =   ----    ----
   DATA SIZE        =   ----       3
   IDATA SIZE       =   ----    ----
   BIT SIZE         =   ----    ----
   EDATA SIZE       =   ----    ----
   HDATA SIZE       =   ----    ----
   XDATA CONST SIZE =   ----    ----
   FAR CONST SIZE   =   ----    ----
END OF MODULE INFORMATION.


C51 COMPILATION COMPLETE.  0 WARNING(S),  0 ERROR(S)
